<?xml version="1.0" encoding="UTF-8"?>
<!-- Generated by org.testng.reporters.JUnitReportReporter -->
<testsuite hostname="LAPTOP-7LMOGP27" failures="0" tests="1" name="com.crm.qa.testcases.ContactsPageTest" time="11.159" errors="0" timestamp="04 Jun 2024 19:25:18 GMT" skipped="0">
  <testcase classname="com.crm.qa.testcases.ContactsPageTest" name="verifySelectingSingleContactsTest" time="11.159"/>
</testsuite> <!-- com.crm.qa.testcases.ContactsPageTest -->
